0 info it worked if it ends with ok
1 verbose cli [ '/Users/bruno/.nvm/v0.10.38/bin/node',
1 verbose cli   '/Users/bruno/.nvm/v0.10.38/bin/npm',
1 verbose cli   'edit',
1 verbose cli   'user' ]
2 info using npm@1.4.28
3 info using node@v0.10.38
4 error Error: ENOENT, lstat '/Users/bruno/add-host/node_modules/user'
5 error If you need help, you may report this *entire* log,
5 error including the npm and node versions, at:
5 error     <http://github.com/npm/npm/issues>
6 error System Darwin 14.4.0
7 error command "/Users/bruno/.nvm/v0.10.38/bin/node" "/Users/bruno/.nvm/v0.10.38/bin/npm" "edit" "user"
8 error cwd /Users/bruno/add-host
9 error node -v v0.10.38
10 error npm -v 1.4.28
11 error path /Users/bruno/add-host/node_modules/user
12 error code ENOENT
13 error errno 34
14 verbose exit [ 34, true ]
